<?xml version="1.0" encoding="UTF-8"?>
<testsuite xmlns:xsi="http://www.w3.org/2001/XMLSchema-instance" xsi:noNamespaceSchemaLocation="https://maven.apache.org/surefire/maven-surefire-plugin/xsd/surefire-test-report.xsd" name="com.kapitus.challenge.PriceApiTest" time="2.352" tests="6" errors="0" skipped="0" failures="0">
  <properties>
    <property name="gopherProxySet" value="false"/>
    <property name="awt.toolkit" value="sun.lwawt.macosx.LWCToolkit"/>
    <property name="file.encoding.pkg" value="sun.io"/>
    <property name="java.specification.version" value="1.8"/>
    <property name="sun.cpu.isalist" value=""/>
    <property name="sun.jnu.encoding" value="UTF-8"/>
    <property name="java.class.path" value="/Users/msat1971/IdeaProjects/priceApi/target/test-classes:/Users/msat1971/IdeaProjects/priceApi/target/classes:/Users/msat1971/.m2/repository/com/amazonaws/aws-lambda-java-core/1.2.1/aws-lambda-java-core-1.2.1.jar:/Users/msat1971/.m2/repository/com/amazonaws/aws-lambda-java-events/2.2.9/aws-lambda-java-events-2.2.9.jar:/Users/msat1971/.m2/repository/joda-time/joda-time/2.6/joda-time-2.6.jar:/Users/msat1971/.m2/repository/com/squareup/retrofit2/converter-gson/2.9.0/converter-gson-2.9.0.jar:/Users/msat1971/.m2/repository/com/google/code/gson/gson/2.8.5/gson-2.8.5.jar:/Users/msat1971/.m2/repository/com/squareup/retrofit2/retrofit/2.9.0/retrofit-2.9.0.jar:/Users/msat1971/.m2/repository/com/squareup/okhttp3/okhttp/3.14.9/okhttp-3.14.9.jar:/Users/msat1971/.m2/repository/com/squareup/okio/okio/1.17.2/okio-1.17.2.jar:/Users/msat1971/.m2/repository/org/junit/jupiter/junit-jupiter-engine/5.5.2/junit-jupiter-engine-5.5.2.jar:/Users/msat1971/.m2/repository/org/apiguardian/apiguardian-api/1.1.0/apiguardian-api-1.1.0.jar:/Users/msat1971/.m2/repository/org/junit/platform/junit-platform-engine/1.5.2/junit-platform-engine-1.5.2.jar:/Users/msat1971/.m2/repository/org/opentest4j/opentest4j/1.2.0/opentest4j-1.2.0.jar:/Users/msat1971/.m2/repository/org/junit/platform/junit-platform-commons/1.5.2/junit-platform-commons-1.5.2.jar:/Users/msat1971/.m2/repository/org/junit/jupiter/junit-jupiter-api/5.5.2/junit-jupiter-api-5.5.2.jar:/Users/msat1971/.m2/repository/org/junit/platform/junit-platform-runner/1.5.2/junit-platform-runner-1.5.2.jar:/Users/msat1971/.m2/repository/junit/junit/4.12/junit-4.12.jar:/Users/msat1971/.m2/repository/org/hamcrest/hamcrest-core/1.3/hamcrest-core-1.3.jar:/Users/msat1971/.m2/repository/org/junit/platform/junit-platform-launcher/1.5.2/junit-platform-launcher-1.5.2.jar:/Users/msat1971/.m2/repository/org/junit/platform/junit-platform-suite-api/1.5.2/junit-platform-suite-api-1.5.2.jar:/Users/msat1971/.m2/repository/com/amazonaws/aws-lambda-java-log4j2/1.2.0/aws-lambda-java-log4j2-1.2.0.jar:/Users/msat1971/.m2/repository/org/apache/logging/log4j/log4j-api/2.13.0/log4j-api-2.13.0.jar:/Users/msat1971/.m2/repository/org/apache/logging/log4j/log4j-core/2.13.2/log4j-core-2.13.2.jar:/Users/msat1971/.m2/repository/org/apache/logging/log4j/log4j-slf4j18-impl/2.13.0/log4j-slf4j18-impl-2.13.0.jar:/Users/msat1971/.m2/repository/org/slf4j/slf4j-api/1.8.0-alpha2/slf4j-api-1.8.0-alpha2.jar:/Users/msat1971/.m2/repository/org/slf4j/slf4j-log4j12/1.7.31/slf4j-log4j12-1.7.31.jar:/Users/msat1971/.m2/repository/log4j/log4j/1.2.17/log4j-1.2.17.jar:"/>
    <property name="java.vm.vendor" value="Oracle Corporation"/>
    <property name="sun.arch.data.model" value="64"/>
    <property name="java.vendor.url" value="http://java.oracle.com/"/>
    <property name="user.timezone" value=""/>
    <property name="java.vm.specification.version" value="1.8"/>
    <property name="os.name" value="Mac OS X"/>
    <property name="user.country" value="US"/>
    <property name="sun.java.launcher" value="SUN_STANDARD"/>
    <property name="sun.boot.library.path" value="/Library/Java/JavaVirtualMachines/jdk1.8.0_281.jdk/Contents/Home/jre/lib"/>
    <property name="sun.java.command" value="/Users/msat1971/IdeaProjects/priceApi/target/surefire/surefirebooter2336535210586536066.jar /Users/msat1971/IdeaProjects/priceApi/target/surefire 2021-07-05T16-57-01_608-jvmRun1 surefire8390993964250329905tmp surefire_06052185661066899571tmp"/>
    <property name="http.nonProxyHosts" value="local|*.local|169.254/16|*.169.254/16"/>
    <property name="surefire.test.class.path" value="/Users/msat1971/IdeaProjects/priceApi/target/test-classes:/Users/msat1971/IdeaProjects/priceApi/target/classes:/Users/msat1971/.m2/repository/com/amazonaws/aws-lambda-java-core/1.2.1/aws-lambda-java-core-1.2.1.jar:/Users/msat1971/.m2/repository/com/amazonaws/aws-lambda-java-events/2.2.9/aws-lambda-java-events-2.2.9.jar:/Users/msat1971/.m2/repository/joda-time/joda-time/2.6/joda-time-2.6.jar:/Users/msat1971/.m2/repository/com/squareup/retrofit2/converter-gson/2.9.0/converter-gson-2.9.0.jar:/Users/msat1971/.m2/repository/com/google/code/gson/gson/2.8.5/gson-2.8.5.jar:/Users/msat1971/.m2/repository/com/squareup/retrofit2/retrofit/2.9.0/retrofit-2.9.0.jar:/Users/msat1971/.m2/repository/com/squareup/okhttp3/okhttp/3.14.9/okhttp-3.14.9.jar:/Users/msat1971/.m2/repository/com/squareup/okio/okio/1.17.2/okio-1.17.2.jar:/Users/msat1971/.m2/repository/org/junit/jupiter/junit-jupiter-engine/5.5.2/junit-jupiter-engine-5.5.2.jar:/Users/msat1971/.m2/repository/org/apiguardian/apiguardian-api/1.1.0/apiguardian-api-1.1.0.jar:/Users/msat1971/.m2/repository/org/junit/platform/junit-platform-engine/1.5.2/junit-platform-engine-1.5.2.jar:/Users/msat1971/.m2/repository/org/opentest4j/opentest4j/1.2.0/opentest4j-1.2.0.jar:/Users/msat1971/.m2/repository/org/junit/platform/junit-platform-commons/1.5.2/junit-platform-commons-1.5.2.jar:/Users/msat1971/.m2/repository/org/junit/jupiter/junit-jupiter-api/5.5.2/junit-jupiter-api-5.5.2.jar:/Users/msat1971/.m2/repository/org/junit/platform/junit-platform-runner/1.5.2/junit-platform-runner-1.5.2.jar:/Users/msat1971/.m2/repository/junit/junit/4.12/junit-4.12.jar:/Users/msat1971/.m2/repository/org/hamcrest/hamcrest-core/1.3/hamcrest-core-1.3.jar:/Users/msat1971/.m2/repository/org/junit/platform/junit-platform-launcher/1.5.2/junit-platform-launcher-1.5.2.jar:/Users/msat1971/.m2/repository/org/junit/platform/junit-platform-suite-api/1.5.2/junit-platform-suite-api-1.5.2.jar:/Users/msat1971/.m2/repository/com/amazonaws/aws-lambda-java-log4j2/1.2.0/aws-lambda-java-log4j2-1.2.0.jar:/Users/msat1971/.m2/repository/org/apache/logging/log4j/log4j-api/2.13.0/log4j-api-2.13.0.jar:/Users/msat1971/.m2/repository/org/apache/logging/log4j/log4j-core/2.13.2/log4j-core-2.13.2.jar:/Users/msat1971/.m2/repository/org/apache/logging/log4j/log4j-slf4j18-impl/2.13.0/log4j-slf4j18-impl-2.13.0.jar:/Users/msat1971/.m2/repository/org/slf4j/slf4j-api/1.8.0-alpha2/slf4j-api-1.8.0-alpha2.jar:/Users/msat1971/.m2/repository/org/slf4j/slf4j-log4j12/1.7.31/slf4j-log4j12-1.7.31.jar:/Users/msat1971/.m2/repository/log4j/log4j/1.2.17/log4j-1.2.17.jar:"/>
    <property name="sun.cpu.endian" value="little"/>
    <property name="user.home" value="/Users/msat1971"/>
    <property name="user.language" value="en"/>
    <property name="java.specification.vendor" value="Oracle Corporation"/>
    <property name="java.home" value="/Library/Java/JavaVirtualMachines/jdk1.8.0_281.jdk/Contents/Home/jre"/>
    <property name="basedir" value="/Users/msat1971/IdeaProjects/priceApi"/>
    <property name="file.separator" value="/"/>
    <property name="line.separator" value="&#10;"/>
    <property name="java.vm.specification.vendor" value="Oracle Corporation"/>
    <property name="java.specification.name" value="Java Platform API Specification"/>
    <property name="java.awt.graphicsenv" value="sun.awt.CGraphicsEnvironment"/>
    <property name="surefire.real.class.path" value="/Users/msat1971/IdeaProjects/priceApi/target/surefire/surefirebooter2336535210586536066.jar"/>
    <property name="sun.boot.class.path" value="/Library/Java/JavaVirtualMachines/jdk1.8.0_281.jdk/Contents/Home/jre/lib/resources.jar:/Library/Java/JavaVirtualMachines/jdk1.8.0_281.jdk/Contents/Home/jre/lib/rt.jar:/Library/Java/JavaVirtualMachines/jdk1.8.0_281.jdk/Contents/Home/jre/lib/sunrsasign.jar:/Library/Java/JavaVirtualMachines/jdk1.8.0_281.jdk/Contents/Home/jre/lib/jsse.jar:/Library/Java/JavaVirtualMachines/jdk1.8.0_281.jdk/Contents/Home/jre/lib/jce.jar:/Library/Java/JavaVirtualMachines/jdk1.8.0_281.jdk/Contents/Home/jre/lib/charsets.jar:/Library/Java/JavaVirtualMachines/jdk1.8.0_281.jdk/Contents/Home/jre/lib/jfr.jar:/Library/Java/JavaVirtualMachines/jdk1.8.0_281.jdk/Contents/Home/jre/classes"/>
    <property name="sun.management.compiler" value="HotSpot 64-Bit Tiered Compilers"/>
    <property name="ftp.nonProxyHosts" value="local|*.local|169.254/16|*.169.254/16"/>
    <property name="java.runtime.version" value="1.8.0_281-b09"/>
    <property name="user.name" value="msat1971"/>
    <property name="path.separator" value=":"/>
    <property name="os.version" value="10.16"/>
    <property name="java.endorsed.dirs" value="/Library/Java/JavaVirtualMachines/jdk1.8.0_281.jdk/Contents/Home/jre/lib/endorsed"/>
    <property name="java.runtime.name" value="Java(TM) SE Runtime Environment"/>
    <property name="file.encoding" value="UTF-8"/>
    <property name="java.vm.name" value="Java HotSpot(TM) 64-Bit Server VM"/>
    <property name="localRepository" value="/Users/msat1971/.m2/repository"/>
    <property name="java.vendor.url.bug" value="http://bugreport.sun.com/bugreport/"/>
    <property name="java.io.tmpdir" value="/var/folders/k8/bygt32vn0630jfmp74_g_8k80000gn/T/"/>
    <property name="idea.version" value="2020.3.3"/>
    <property name="java.version" value="1.8.0_281"/>
    <property name="user.dir" value="/Users/msat1971/IdeaProjects/priceApi"/>
    <property name="os.arch" value="x86_64"/>
    <property name="java.vm.specification.name" value="Java Virtual Machine Specification"/>
    <property name="java.awt.printerjob" value="sun.lwawt.macosx.CPrinterJob"/>
    <property name="sun.os.patch.level" value="unknown"/>
    <property name="java.library.path" value="/Users/msat1971/Library/Java/Extensions:/Library/Java/Extensions:/Network/Library/Java/Extensions:/System/Library/Java/Extensions:/usr/lib/java:."/>
    <property name="java.vm.info" value="mixed mode"/>
    <property name="java.vendor" value="Oracle Corporation"/>
    <property name="java.vm.version" value="25.281-b09"/>
    <property name="java.ext.dirs" value="/Users/msat1971/Library/Java/Extensions:/Library/Java/JavaVirtualMachines/jdk1.8.0_281.jdk/Contents/Home/jre/lib/ext:/Library/Java/Extensions:/Network/Library/Java/Extensions:/System/Library/Java/Extensions:/usr/lib/java"/>
    <property name="sun.io.unicode.encoding" value="UnicodeBig"/>
    <property name="java.class.version" value="52.0"/>
    <property name="socksNonProxyHosts" value="local|*.local|169.254/16|*.169.254/16"/>
  </properties>
  <testcase name="testZeroPrices" classname="com.kapitus.challenge.PriceApiTest" time="1.101"/>
  <testcase name="getCoinIdsSingle" classname="com.kapitus.challenge.PriceApiTest" time="0"/>
  <testcase name="loadTickers" classname="com.kapitus.challenge.PriceApiTest" time="0.389"/>
  <testcase name="getCoinIdsMulti" classname="com.kapitus.challenge.PriceApiTest" time="0.001"/>
  <testcase name="serviceIsRunning" classname="com.kapitus.challenge.PriceApiTest" time="0.12"/>
  <testcase name="getPrices" classname="com.kapitus.challenge.PriceApiTest" time="0.733"/>
</testsuite>